<?xml version="1.0" encoding="UTF-8"?>
<testsuite xmlns:xsi="http://www.w3.org/2001/XMLSchema-instance" xsi:noNamespaceSchemaLocation="https://maven.apache.org/surefire/maven-surefire-plugin/xsd/surefire-test-report.xsd" name="swaps.AppTest" time="0.003" tests="1" errors="0" skipped="0" failures="0">
  <properties>
    <property name="sun.desktop" value="windows"/>
    <property name="awt.toolkit" value="sun.awt.windows.WToolkit"/>
    <property name="java.specification.version" value="11"/>
    <property name="sun.cpu.isalist" value="amd64"/>
    <property name="sun.jnu.encoding" value="Cp1252"/>
    <property name="java.class.path" value="C:\Users\raynn\Desktop\thesis_atomic_swaps\aswaps\target\test-classes;C:\Users\raynn\Desktop\thesis_atomic_swaps\aswaps\target\classes;C:\Users\raynn\.m2\repository\junit\junit\4.12\junit-4.12.jar;C:\Users\raynn\.m2\repository\org\hamcrest\hamcrest-core\1.3\hamcrest-core-1.3.jar;C:\Users\raynn\.m2\repository\org\apache\httpcomponents\httpclient\4.5.12\httpclient-4.5.12.jar;C:\Users\raynn\.m2\repository\org\apache\httpcomponents\httpcore\4.4.13\httpcore-4.4.13.jar;C:\Users\raynn\.m2\repository\commons-logging\commons-logging\1.2\commons-logging-1.2.jar;C:\Users\raynn\.m2\repository\org\web3j\core\5.0.0\core-5.0.0.jar;C:\Users\raynn\.m2\repository\org\web3j\abi\5.0.0\abi-5.0.0.jar;C:\Users\raynn\.m2\repository\org\web3j\utils\5.0.0\utils-5.0.0.jar;C:\Users\raynn\.m2\repository\org\bouncycastle\bcprov-jdk15on\1.65\bcprov-jdk15on-1.65.jar;C:\Users\raynn\.m2\repository\org\web3j\crypto\5.0.0\crypto-5.0.0.jar;C:\Users\raynn\.m2\repository\org\web3j\rlp\5.0.0\rlp-5.0.0.jar;C:\Users\raynn\.m2\repository\org\web3j\tuples\5.0.0\tuples-5.0.0.jar;C:\Users\raynn\.m2\repository\com\github\jnr\jnr-unixsocket\0.21\jnr-unixsocket-0.21.jar;C:\Users\raynn\.m2\repository\com\github\jnr\jnr-ffi\2.1.9\jnr-ffi-2.1.9.jar;C:\Users\raynn\.m2\repository\com\github\jnr\jffi\1.2.17\jffi-1.2.17.jar;C:\Users\raynn\.m2\repository\com\github\jnr\jffi\1.2.16\jffi-1.2.16-native.jar;C:\Users\raynn\.m2\repository\org\ow2\asm\asm\5.0.3\asm-5.0.3.jar;C:\Users\raynn\.m2\repository\org\ow2\asm\asm-commons\5.0.3\asm-commons-5.0.3.jar;C:\Users\raynn\.m2\repository\org\ow2\asm\asm-analysis\5.0.3\asm-analysis-5.0.3.jar;C:\Users\raynn\.m2\repository\org\ow2\asm\asm-tree\5.0.3\asm-tree-5.0.3.jar;C:\Users\raynn\.m2\repository\org\ow2\asm\asm-util\5.0.3\asm-util-5.0.3.jar;C:\Users\raynn\.m2\repository\com\github\jnr\jnr-a64asm\1.0.0\jnr-a64asm-1.0.0.jar;C:\Users\raynn\.m2\repository\com\github\jnr\jnr-x86asm\1.0.2\jnr-x86asm-1.0.2.jar;C:\Users\raynn\.m2\repository\com\github\jnr\jnr-constants\0.9.11\jnr-constants-0.9.11.jar;C:\Users\raynn\.m2\repository\com\github\jnr\jnr-enxio\0.19\jnr-enxio-0.19.jar;C:\Users\raynn\.m2\repository\com\github\jnr\jnr-posix\3.0.47\jnr-posix-3.0.47.jar;C:\Users\raynn\.m2\repository\com\squareup\okhttp3\okhttp\4.3.1\okhttp-4.3.1.jar;C:\Users\raynn\.m2\repository\com\squareup\okio\okio\2.4.1\okio-2.4.1.jar;C:\Users\raynn\.m2\repository\org\jetbrains\kotlin\kotlin-stdlib-common\1.3.50\kotlin-stdlib-common-1.3.50.jar;C:\Users\raynn\.m2\repository\org\jetbrains\kotlin\kotlin-stdlib\1.3.61\kotlin-stdlib-1.3.61.jar;C:\Users\raynn\.m2\repository\org\jetbrains\annotations\13.0\annotations-13.0.jar;C:\Users\raynn\.m2\repository\com\squareup\okhttp3\logging-interceptor\4.3.1\logging-interceptor-4.3.1.jar;C:\Users\raynn\.m2\repository\io\reactivex\rxjava2\rxjava\2.2.2\rxjava-2.2.2.jar;C:\Users\raynn\.m2\repository\org\reactivestreams\reactive-streams\1.0.2\reactive-streams-1.0.2.jar;C:\Users\raynn\.m2\repository\org\java-websocket\Java-WebSocket\1.3.8\Java-WebSocket-1.3.8.jar;C:\Users\raynn\.m2\repository\com\fasterxml\jackson\core\jackson-databind\2.8.11.6\jackson-databind-2.8.11.6.jar;C:\Users\raynn\.m2\repository\com\fasterxml\jackson\core\jackson-annotations\2.8.0\jackson-annotations-2.8.0.jar;C:\Users\raynn\.m2\repository\com\fasterxml\jackson\core\jackson-core\2.8.10\jackson-core-2.8.10.jar;C:\Users\raynn\.m2\repository\org\slf4j\slf4j-api\1.7.25\slf4j-api-1.7.25.jar;C:\Users\raynn\.m2\repository\commons-codec\commons-codec\1.13\commons-codec-1.13.jar;C:\Users\raynn\.m2\repository\org\web3j\web3j-maven-plugin\4.5.11\web3j-maven-plugin-4.5.11.jar;C:\Users\raynn\.m2\repository\org\apache\maven\maven-plugin-api\3.6.0\maven-plugin-api-3.6.0.jar;C:\Users\raynn\.m2\repository\org\apache\maven\maven-model\3.6.0\maven-model-3.6.0.jar;C:\Users\raynn\.m2\repository\org\apache\maven\maven-artifact\3.6.0\maven-artifact-3.6.0.jar;C:\Users\raynn\.m2\repository\org\eclipse\sisu\org.eclipse.sisu.plexus\0.3.3\org.eclipse.sisu.plexus-0.3.3.jar;C:\Users\raynn\.m2\repository\javax\enterprise\cdi-api\1.0\cdi-api-1.0.jar;C:\Users\raynn\.m2\repository\javax\annotation\jsr250-api\1.0\jsr250-api-1.0.jar;C:\Users\raynn\.m2\repository\org\codehaus\plexus\plexus-classworlds\2.5.2\plexus-classworlds-2.5.2.jar;C:\Users\raynn\.m2\repository\org\apache\maven\maven-core\3.6.0\maven-core-3.6.0.jar;C:\Users\raynn\.m2\repository\org\apache\maven\maven-settings\3.6.0\maven-settings-3.6.0.jar;C:\Users\raynn\.m2\repository\org\apache\maven\maven-settings-builder\3.6.0\maven-settings-builder-3.6.0.jar;C:\Users\raynn\.m2\repository\org\codehaus\plexus\plexus-interpolation\1.25\plexus-interpolation-1.25.jar;C:\Users\raynn\.m2\repository\org\sonatype\plexus\plexus-sec-dispatcher\1.4\plexus-sec-dispatcher-1.4.jar;C:\Users\raynn\.m2\repository\org\sonatype\plexus\plexus-cipher\1.4\plexus-cipher-1.4.jar;C:\Users\raynn\.m2\repository\org\apache\maven\maven-builder-support\3.6.0\maven-builder-support-3.6.0.jar;C:\Users\raynn\.m2\repository\org\apache\maven\maven-repository-metadata\3.6.0\maven-repository-metadata-3.6.0.jar;C:\Users\raynn\.m2\repository\org\apache\maven\maven-model-builder\3.6.0\maven-model-builder-3.6.0.jar;C:\Users\raynn\.m2\repository\org\apache\maven\maven-resolver-provider\3.6.0\maven-resolver-provider-3.6.0.jar;C:\Users\raynn\.m2\repository\org\apache\maven\resolver\maven-resolver-impl\1.3.1\maven-resolver-impl-1.3.1.jar;C:\Users\raynn\.m2\repository\org\apache\maven\resolver\maven-resolver-api\1.3.1\maven-resolver-api-1.3.1.jar;C:\Users\raynn\.m2\repository\org\apache\maven\resolver\maven-resolver-spi\1.3.1\maven-resolver-spi-1.3.1.jar;C:\Users\raynn\.m2\repository\org\apache\maven\resolver\maven-resolver-util\1.3.1\maven-resolver-util-1.3.1.jar;C:\Users\raynn\.m2\repository\org\apache\maven\shared\maven-shared-utils\3.2.1\maven-shared-utils-3.2.1.jar;C:\Users\raynn\.m2\repository\commons-io\commons-io\2.5\commons-io-2.5.jar;C:\Users\raynn\.m2\repository\org\eclipse\sisu\org.eclipse.sisu.inject\0.3.3\org.eclipse.sisu.inject-0.3.3.jar;C:\Users\raynn\.m2\repository\com\google\inject\guice\4.2.1\guice-4.2.1-no_aop.jar;C:\Users\raynn\.m2\repository\aopalliance\aopalliance\1.0\aopalliance-1.0.jar;C:\Users\raynn\.m2\repository\com\google\guava\guava\25.1-android\guava-25.1-android.jar;C:\Users\raynn\.m2\repository\com\google\code\findbugs\jsr305\3.0.2\jsr305-3.0.2.jar;C:\Users\raynn\.m2\repository\org\checkerframework\checker-compat-qual\2.0.0\checker-compat-qual-2.0.0.jar;C:\Users\raynn\.m2\repository\com\google\errorprone\error_prone_annotations\2.1.3\error_prone_annotations-2.1.3.jar;C:\Users\raynn\.m2\repository\com\google\j2objc\j2objc-annotations\1.1\j2objc-annotations-1.1.jar;C:\Users\raynn\.m2\repository\org\codehaus\mojo\animal-sniffer-annotations\1.14\animal-sniffer-annotations-1.14.jar;C:\Users\raynn\.m2\repository\javax\inject\javax.inject\1\javax.inject-1.jar;C:\Users\raynn\.m2\repository\org\codehaus\plexus\plexus-component-annotations\1.7.1\plexus-component-annotations-1.7.1.jar;C:\Users\raynn\.m2\repository\org\apache\commons\commons-lang3\3.8.1\commons-lang3-3.8.1.jar;C:\Users\raynn\.m2\repository\org\apache\maven\shared\file-management\3.0.0\file-management-3.0.0.jar;C:\Users\raynn\.m2\repository\org\apache\maven\shared\maven-shared-io\3.0.0\maven-shared-io-3.0.0.jar;C:\Users\raynn\.m2\repository\org\apache\maven\maven-compat\3.0\maven-compat-3.0.jar;C:\Users\raynn\.m2\repository\org\sonatype\sisu\sisu-inject-plexus\1.4.2\sisu-inject-plexus-1.4.2.jar;C:\Users\raynn\.m2\repository\org\sonatype\sisu\sisu-inject-bean\1.4.2\sisu-inject-bean-1.4.2.jar;C:\Users\raynn\.m2\repository\org\sonatype\sisu\sisu-guice\2.1.7\sisu-guice-2.1.7-noaop.jar;C:\Users\raynn\.m2\repository\org\apache\maven\wagon\wagon-provider-api\2.10\wagon-provider-api-2.10.jar;C:\Users\raynn\.m2\repository\org\ethereum\solcJ-all\0.5.7\solcJ-all-0.5.7.jar;C:\Users\raynn\.m2\repository\org\web3j\codegen\4.5.11\codegen-4.5.11.jar;C:\Users\raynn\.m2\repository\com\squareup\javapoet\1.7.0\javapoet-1.7.0.jar;C:\Users\raynn\.m2\repository\info\picocli\picocli\3.0.0\picocli-3.0.0.jar;C:\Users\raynn\.m2\repository\org\junit\platform\junit-platform-launcher\1.5.2\junit-platform-launcher-1.5.2.jar;C:\Users\raynn\.m2\repository\org\apiguardian\apiguardian-api\1.1.0\apiguardian-api-1.1.0.jar;C:\Users\raynn\.m2\repository\org\junit\platform\junit-platform-engine\1.5.2\junit-platform-engine-1.5.2.jar;C:\Users\raynn\.m2\repository\org\opentest4j\opentest4j\1.2.0\opentest4j-1.2.0.jar;C:\Users\raynn\.m2\repository\org\junit\platform\junit-platform-commons\1.5.2\junit-platform-commons-1.5.2.jar;C:\Users\raynn\.m2\repository\org\junit\jupiter\junit-jupiter-engine\5.5.2\junit-jupiter-engine-5.5.2.jar;C:\Users\raynn\.m2\repository\org\junit\jupiter\junit-jupiter-api\5.5.2\junit-jupiter-api-5.5.2.jar;C:\Users\raynn\.m2\repository\org\junit\vintage\junit-vintage-engine\5.5.2\junit-vintage-engine-5.5.2.jar;C:\Users\raynn\.m2\repository\com\googlecode\json-simple\json-simple\1.1.1\json-simple-1.1.1.jar;C:\Users\raynn\.m2\repository\org\codehaus\mojo\build-helper-maven-plugin\3.2.0\build-helper-maven-plugin-3.2.0.jar;C:\Users\raynn\.m2\repository\org\codehaus\plexus\plexus-utils\3.0.24\plexus-utils-3.0.24.jar;C:\Users\raynn\.m2\repository\org\apache-extras\beanshell\bsh\2.0b6\bsh-2.0b6.jar;"/>
    <property name="java.vm.vendor" value="JetBrains s.r.o."/>
    <property name="sun.arch.data.model" value="64"/>
    <property name="user.variant" value=""/>
    <property name="java.vendor.url" value="https://www.jetbrains.com/"/>
    <property name="user.timezone" value="Europe/Berlin"/>
    <property name="java.vm.specification.version" value="11"/>
    <property name="os.name" value="Windows 10"/>
    <property name="sun.java.launcher" value="SUN_STANDARD"/>
    <property name="user.country" value="US"/>
    <property name="sun.boot.library.path" value="C:\Program Files\JetBrains\IntelliJ IDEA 2019.2.3\jbr\bin"/>
    <property name="sun.java.command" value="C:\Users\raynn\AppData\Local\Temp\surefire8203310465777057347\surefirebooter3201203075079499020.jar C:\Users\raynn\AppData\Local\Temp\surefire8203310465777057347 2020-07-28T23-29-35_912-jvmRun1 surefire3491905484539642019tmp surefire_07117894924962831421tmp"/>
    <property name="jdk.debug" value="release"/>
    <property name="surefire.test.class.path" value="C:\Users\raynn\Desktop\thesis_atomic_swaps\aswaps\target\test-classes;C:\Users\raynn\Desktop\thesis_atomic_swaps\aswaps\target\classes;C:\Users\raynn\.m2\repository\junit\junit\4.12\junit-4.12.jar;C:\Users\raynn\.m2\repository\org\hamcrest\hamcrest-core\1.3\hamcrest-core-1.3.jar;C:\Users\raynn\.m2\repository\org\apache\httpcomponents\httpclient\4.5.12\httpclient-4.5.12.jar;C:\Users\raynn\.m2\repository\org\apache\httpcomponents\httpcore\4.4.13\httpcore-4.4.13.jar;C:\Users\raynn\.m2\repository\commons-logging\commons-logging\1.2\commons-logging-1.2.jar;C:\Users\raynn\.m2\repository\org\web3j\core\5.0.0\core-5.0.0.jar;C:\Users\raynn\.m2\repository\org\web3j\abi\5.0.0\abi-5.0.0.jar;C:\Users\raynn\.m2\repository\org\web3j\utils\5.0.0\utils-5.0.0.jar;C:\Users\raynn\.m2\repository\org\bouncycastle\bcprov-jdk15on\1.65\bcprov-jdk15on-1.65.jar;C:\Users\raynn\.m2\repository\org\web3j\crypto\5.0.0\crypto-5.0.0.jar;C:\Users\raynn\.m2\repository\org\web3j\rlp\5.0.0\rlp-5.0.0.jar;C:\Users\raynn\.m2\repository\org\web3j\tuples\5.0.0\tuples-5.0.0.jar;C:\Users\raynn\.m2\repository\com\github\jnr\jnr-unixsocket\0.21\jnr-unixsocket-0.21.jar;C:\Users\raynn\.m2\repository\com\github\jnr\jnr-ffi\2.1.9\jnr-ffi-2.1.9.jar;C:\Users\raynn\.m2\repository\com\github\jnr\jffi\1.2.17\jffi-1.2.17.jar;C:\Users\raynn\.m2\repository\com\github\jnr\jffi\1.2.16\jffi-1.2.16-native.jar;C:\Users\raynn\.m2\repository\org\ow2\asm\asm\5.0.3\asm-5.0.3.jar;C:\Users\raynn\.m2\repository\org\ow2\asm\asm-commons\5.0.3\asm-commons-5.0.3.jar;C:\Users\raynn\.m2\repository\org\ow2\asm\asm-analysis\5.0.3\asm-analysis-5.0.3.jar;C:\Users\raynn\.m2\repository\org\ow2\asm\asm-tree\5.0.3\asm-tree-5.0.3.jar;C:\Users\raynn\.m2\repository\org\ow2\asm\asm-util\5.0.3\asm-util-5.0.3.jar;C:\Users\raynn\.m2\repository\com\github\jnr\jnr-a64asm\1.0.0\jnr-a64asm-1.0.0.jar;C:\Users\raynn\.m2\repository\com\github\jnr\jnr-x86asm\1.0.2\jnr-x86asm-1.0.2.jar;C:\Users\raynn\.m2\repository\com\github\jnr\jnr-constants\0.9.11\jnr-constants-0.9.11.jar;C:\Users\raynn\.m2\repository\com\github\jnr\jnr-enxio\0.19\jnr-enxio-0.19.jar;C:\Users\raynn\.m2\repository\com\github\jnr\jnr-posix\3.0.47\jnr-posix-3.0.47.jar;C:\Users\raynn\.m2\repository\com\squareup\okhttp3\okhttp\4.3.1\okhttp-4.3.1.jar;C:\Users\raynn\.m2\repository\com\squareup\okio\okio\2.4.1\okio-2.4.1.jar;C:\Users\raynn\.m2\repository\org\jetbrains\kotlin\kotlin-stdlib-common\1.3.50\kotlin-stdlib-common-1.3.50.jar;C:\Users\raynn\.m2\repository\org\jetbrains\kotlin\kotlin-stdlib\1.3.61\kotlin-stdlib-1.3.61.jar;C:\Users\raynn\.m2\repository\org\jetbrains\annotations\13.0\annotations-13.0.jar;C:\Users\raynn\.m2\repository\com\squareup\okhttp3\logging-interceptor\4.3.1\logging-interceptor-4.3.1.jar;C:\Users\raynn\.m2\repository\io\reactivex\rxjava2\rxjava\2.2.2\rxjava-2.2.2.jar;C:\Users\raynn\.m2\repository\org\reactivestreams\reactive-streams\1.0.2\reactive-streams-1.0.2.jar;C:\Users\raynn\.m2\repository\org\java-websocket\Java-WebSocket\1.3.8\Java-WebSocket-1.3.8.jar;C:\Users\raynn\.m2\repository\com\fasterxml\jackson\core\jackson-databind\2.8.11.6\jackson-databind-2.8.11.6.jar;C:\Users\raynn\.m2\repository\com\fasterxml\jackson\core\jackson-annotations\2.8.0\jackson-annotations-2.8.0.jar;C:\Users\raynn\.m2\repository\com\fasterxml\jackson\core\jackson-core\2.8.10\jackson-core-2.8.10.jar;C:\Users\raynn\.m2\repository\org\slf4j\slf4j-api\1.7.25\slf4j-api-1.7.25.jar;C:\Users\raynn\.m2\repository\commons-codec\commons-codec\1.13\commons-codec-1.13.jar;C:\Users\raynn\.m2\repository\org\web3j\web3j-maven-plugin\4.5.11\web3j-maven-plugin-4.5.11.jar;C:\Users\raynn\.m2\repository\org\apache\maven\maven-plugin-api\3.6.0\maven-plugin-api-3.6.0.jar;C:\Users\raynn\.m2\repository\org\apache\maven\maven-model\3.6.0\maven-model-3.6.0.jar;C:\Users\raynn\.m2\repository\org\apache\maven\maven-artifact\3.6.0\maven-artifact-3.6.0.jar;C:\Users\raynn\.m2\repository\org\eclipse\sisu\org.eclipse.sisu.plexus\0.3.3\org.eclipse.sisu.plexus-0.3.3.jar;C:\Users\raynn\.m2\repository\javax\enterprise\cdi-api\1.0\cdi-api-1.0.jar;C:\Users\raynn\.m2\repository\javax\annotation\jsr250-api\1.0\jsr250-api-1.0.jar;C:\Users\raynn\.m2\repository\org\codehaus\plexus\plexus-classworlds\2.5.2\plexus-classworlds-2.5.2.jar;C:\Users\raynn\.m2\repository\org\apache\maven\maven-core\3.6.0\maven-core-3.6.0.jar;C:\Users\raynn\.m2\repository\org\apache\maven\maven-settings\3.6.0\maven-settings-3.6.0.jar;C:\Users\raynn\.m2\repository\org\apache\maven\maven-settings-builder\3.6.0\maven-settings-builder-3.6.0.jar;C:\Users\raynn\.m2\repository\org\codehaus\plexus\plexus-interpolation\1.25\plexus-interpolation-1.25.jar;C:\Users\raynn\.m2\repository\org\sonatype\plexus\plexus-sec-dispatcher\1.4\plexus-sec-dispatcher-1.4.jar;C:\Users\raynn\.m2\repository\org\sonatype\plexus\plexus-cipher\1.4\plexus-cipher-1.4.jar;C:\Users\raynn\.m2\repository\org\apache\maven\maven-builder-support\3.6.0\maven-builder-support-3.6.0.jar;C:\Users\raynn\.m2\repository\org\apache\maven\maven-repository-metadata\3.6.0\maven-repository-metadata-3.6.0.jar;C:\Users\raynn\.m2\repository\org\apache\maven\maven-model-builder\3.6.0\maven-model-builder-3.6.0.jar;C:\Users\raynn\.m2\repository\org\apache\maven\maven-resolver-provider\3.6.0\maven-resolver-provider-3.6.0.jar;C:\Users\raynn\.m2\repository\org\apache\maven\resolver\maven-resolver-impl\1.3.1\maven-resolver-impl-1.3.1.jar;C:\Users\raynn\.m2\repository\org\apache\maven\resolver\maven-resolver-api\1.3.1\maven-resolver-api-1.3.1.jar;C:\Users\raynn\.m2\repository\org\apache\maven\resolver\maven-resolver-spi\1.3.1\maven-resolver-spi-1.3.1.jar;C:\Users\raynn\.m2\repository\org\apache\maven\resolver\maven-resolver-util\1.3.1\maven-resolver-util-1.3.1.jar;C:\Users\raynn\.m2\repository\org\apache\maven\shared\maven-shared-utils\3.2.1\maven-shared-utils-3.2.1.jar;C:\Users\raynn\.m2\repository\commons-io\commons-io\2.5\commons-io-2.5.jar;C:\Users\raynn\.m2\repository\org\eclipse\sisu\org.eclipse.sisu.inject\0.3.3\org.eclipse.sisu.inject-0.3.3.jar;C:\Users\raynn\.m2\repository\com\google\inject\guice\4.2.1\guice-4.2.1-no_aop.jar;C:\Users\raynn\.m2\repository\aopalliance\aopalliance\1.0\aopalliance-1.0.jar;C:\Users\raynn\.m2\repository\com\google\guava\guava\25.1-android\guava-25.1-android.jar;C:\Users\raynn\.m2\repository\com\google\code\findbugs\jsr305\3.0.2\jsr305-3.0.2.jar;C:\Users\raynn\.m2\repository\org\checkerframework\checker-compat-qual\2.0.0\checker-compat-qual-2.0.0.jar;C:\Users\raynn\.m2\repository\com\google\errorprone\error_prone_annotations\2.1.3\error_prone_annotations-2.1.3.jar;C:\Users\raynn\.m2\repository\com\google\j2objc\j2objc-annotations\1.1\j2objc-annotations-1.1.jar;C:\Users\raynn\.m2\repository\org\codehaus\mojo\animal-sniffer-annotations\1.14\animal-sniffer-annotations-1.14.jar;C:\Users\raynn\.m2\repository\javax\inject\javax.inject\1\javax.inject-1.jar;C:\Users\raynn\.m2\repository\org\codehaus\plexus\plexus-component-annotations\1.7.1\plexus-component-annotations-1.7.1.jar;C:\Users\raynn\.m2\repository\org\apache\commons\commons-lang3\3.8.1\commons-lang3-3.8.1.jar;C:\Users\raynn\.m2\repository\org\apache\maven\shared\file-management\3.0.0\file-management-3.0.0.jar;C:\Users\raynn\.m2\repository\org\apache\maven\shared\maven-shared-io\3.0.0\maven-shared-io-3.0.0.jar;C:\Users\raynn\.m2\repository\org\apache\maven\maven-compat\3.0\maven-compat-3.0.jar;C:\Users\raynn\.m2\repository\org\sonatype\sisu\sisu-inject-plexus\1.4.2\sisu-inject-plexus-1.4.2.jar;C:\Users\raynn\.m2\repository\org\sonatype\sisu\sisu-inject-bean\1.4.2\sisu-inject-bean-1.4.2.jar;C:\Users\raynn\.m2\repository\org\sonatype\sisu\sisu-guice\2.1.7\sisu-guice-2.1.7-noaop.jar;C:\Users\raynn\.m2\repository\org\apache\maven\wagon\wagon-provider-api\2.10\wagon-provider-api-2.10.jar;C:\Users\raynn\.m2\repository\org\ethereum\solcJ-all\0.5.7\solcJ-all-0.5.7.jar;C:\Users\raynn\.m2\repository\org\web3j\codegen\4.5.11\codegen-4.5.11.jar;C:\Users\raynn\.m2\repository\com\squareup\javapoet\1.7.0\javapoet-1.7.0.jar;C:\Users\raynn\.m2\repository\info\picocli\picocli\3.0.0\picocli-3.0.0.jar;C:\Users\raynn\.m2\repository\org\junit\platform\junit-platform-launcher\1.5.2\junit-platform-launcher-1.5.2.jar;C:\Users\raynn\.m2\repository\org\apiguardian\apiguardian-api\1.1.0\apiguardian-api-1.1.0.jar;C:\Users\raynn\.m2\repository\org\junit\platform\junit-platform-engine\1.5.2\junit-platform-engine-1.5.2.jar;C:\Users\raynn\.m2\repository\org\opentest4j\opentest4j\1.2.0\opentest4j-1.2.0.jar;C:\Users\raynn\.m2\repository\org\junit\platform\junit-platform-commons\1.5.2\junit-platform-commons-1.5.2.jar;C:\Users\raynn\.m2\repository\org\junit\jupiter\junit-jupiter-engine\5.5.2\junit-jupiter-engine-5.5.2.jar;C:\Users\raynn\.m2\repository\org\junit\jupiter\junit-jupiter-api\5.5.2\junit-jupiter-api-5.5.2.jar;C:\Users\raynn\.m2\repository\org\junit\vintage\junit-vintage-engine\5.5.2\junit-vintage-engine-5.5.2.jar;C:\Users\raynn\.m2\repository\com\googlecode\json-simple\json-simple\1.1.1\json-simple-1.1.1.jar;C:\Users\raynn\.m2\repository\org\codehaus\mojo\build-helper-maven-plugin\3.2.0\build-helper-maven-plugin-3.2.0.jar;C:\Users\raynn\.m2\repository\org\codehaus\plexus\plexus-utils\3.0.24\plexus-utils-3.0.24.jar;C:\Users\raynn\.m2\repository\org\apache-extras\beanshell\bsh\2.0b6\bsh-2.0b6.jar;"/>
    <property name="sun.cpu.endian" value="little"/>
    <property name="user.home" value="C:\Users\raynn"/>
    <property name="user.language" value="en"/>
    <property name="java.specification.vendor" value="Oracle Corporation"/>
    <property name="java.version.date" value="2020-04-14"/>
    <property name="java.home" value="C:\Program Files\JetBrains\IntelliJ IDEA 2019.2.3\jbr"/>
    <property name="file.separator" value="\"/>
    <property name="basedir" value="C:\Users\raynn\Desktop\thesis_atomic_swaps\aswaps"/>
    <property name="java.vm.compressedOopsMode" value="Zero based"/>
    <property name="line.separator" value="&#10;"/>
    <property name="java.specification.name" value="Java Platform API Specification"/>
    <property name="java.vm.specification.vendor" value="Oracle Corporation"/>
    <property name="java.awt.graphicsenv" value="sun.awt.Win32GraphicsEnvironment"/>
    <property name="idea.version2020.1.2" value="true"/>
    <property name="surefire.real.class.path" value="C:\Users\raynn\AppData\Local\Temp\surefire8203310465777057347\surefirebooter3201203075079499020.jar"/>
    <property name="user.script" value=""/>
    <property name="sun.management.compiler" value="HotSpot 64-Bit Tiered Compilers"/>
    <property name="java.runtime.version" value="11.0.7+10-b765.53"/>
    <property name="user.name" value="raynn"/>
    <property name="path.separator" value=";"/>
    <property name="os.version" value="10.0"/>
    <property name="java.runtime.name" value="OpenJDK Runtime Environment"/>
    <property name="file.encoding" value="Cp1252"/>
    <property name="java.vm.name" value="OpenJDK 64-Bit Server VM"/>
    <property name="java.vendor.version" value="JBR-11.0.7.10-765.53-jfx"/>
    <property name="localRepository" value="C:\Users\raynn\.m2\repository"/>
    <property name="java.vendor.url.bug" value="https://youtrack.jetbrains.com"/>
    <property name="java.io.tmpdir" value="C:\Users\raynn\AppData\Local\Temp\"/>
    <property name="java.version" value="11.0.7"/>
    <property name="user.dir" value="C:\Users\raynn\Desktop\thesis_atomic_swaps\aswaps"/>
    <property name="os.arch" value="amd64"/>
    <property name="java.vm.specification.name" value="Java Virtual Machine Specification"/>
    <property name="java.awt.printerjob" value="sun.awt.windows.WPrinterJob"/>
    <property name="sun.os.patch.level" value=""/>
    <property name="java.library.path" value="C:\Program Files\JetBrains\IntelliJ IDEA 2019.2.3\jbr\bin;C:\Windows\Sun\Java\bin;C:\Windows\system32;C:\Windows;C:\Windows\system32;C:\Windows;C:\Windows\System32\Wbem;C:\Windows\System32\WindowsPowerShell\v1.0\;C:\Windows\System32\OpenSSH\;C:\Program Files\Git\cmd;C:\Program Files\nodejs\;C:\Program Files (x86)\Gpg4win\..\GnuPG\bin;C:\Program Files\Geth;C:\Users\raynn\AppData\Local\Microsoft\WindowsApps;C:\Users\raynn\AppData\Local\Programs\Microsoft VS Code\bin;C:\Users\raynn\AppData\Local\Programs\MiKTeX 2.9\miktex\bin\x64\;C:\Users\raynn\AppData\Roaming\npm;D:\solc;;."/>
    <property name="java.vendor" value="JetBrains s.r.o."/>
    <property name="java.vm.info" value="mixed mode"/>
    <property name="java.vm.version" value="11.0.7+10-b765.53"/>
    <property name="sun.io.unicode.encoding" value="UnicodeLittle"/>
    <property name="java.class.version" value="55.0"/>
  </properties>
  <testcase name="shouldAnswerWithTrue" classname="swaps.AppTest" time="0.001"/>
</testsuite>